TN:
SF:src/component.js
FN:6,(anonymous_0)
FN:7,(anonymous_1)
FN:8,(anonymous_2)
FN:9,(anonymous_3)
FN:10,(anonymous_4)
FN:11,(anonymous_5)
FN:12,(anonymous_6)
FN:12,(anonymous_7)
FN:16,(anonymous_8)
FN:19,(anonymous_9)
FN:26,(anonymous_10)
FN:29,(anonymous_11)
FN:32,(anonymous_12)
FN:43,(anonymous_13)
FN:43,(anonymous_14)
FN:48,(anonymous_15)
FN:49,(anonymous_16)
FN:50,(anonymous_17)
FN:54,(anonymous_18)
FN:54,(anonymous_19)
FN:61,(anonymous_20)
FN:66,(anonymous_21)
FN:68,(anonymous_22)
FN:68,(anonymous_23)
FN:70,(anonymous_24)
FN:72,(anonymous_25)
FN:98,(anonymous_26)
FN:108,(anonymous_27)
FN:112,(anonymous_28)
FN:113,(anonymous_29)
FN:118,(anonymous_30)
FN:123,(anonymous_31)
FN:134,(anonymous_32)
FN:136,(anonymous_33)
FN:142,model
FN:144,(anonymous_35)
FN:152,actions
FN:154,(anonymous_37)
FN:162,view
FN:167,(anonymous_39)
FN:175,slots
FN:177,(anonymous_41)
FN:184,use
FN:190,(anonymous_43)
FN:195,(anonymous_44)
FNF:45
FNH:39
FNDA:12,(anonymous_0)
FNDA:7,(anonymous_1)
FNDA:4,(anonymous_2)
FNDA:6,(anonymous_3)
FNDA:62,(anonymous_4)
FNDA:19,(anonymous_5)
FNDA:42,(anonymous_6)
FNDA:19,(anonymous_7)
FNDA:42,(anonymous_8)
FNDA:27,(anonymous_9)
FNDA:0,(anonymous_10)
FNDA:0,(anonymous_11)
FNDA:0,(anonymous_12)
FNDA:42,(anonymous_13)
FNDA:19,(anonymous_14)
FNDA:0,(anonymous_15)
FNDA:1,(anonymous_16)
FNDA:3,(anonymous_17)
FNDA:42,(anonymous_18)
FNDA:24,(anonymous_19)
FNDA:42,(anonymous_20)
FNDA:11,(anonymous_21)
FNDA:11,(anonymous_22)
FNDA:15,(anonymous_23)
FNDA:4,(anonymous_24)
FNDA:42,(anonymous_25)
FNDA:46,(anonymous_26)
FNDA:31,(anonymous_27)
FNDA:4,(anonymous_28)
FNDA:31,(anonymous_29)
FNDA:15,(anonymous_30)
FNDA:12,(anonymous_31)
FNDA:4,(anonymous_32)
FNDA:1,(anonymous_33)
FNDA:3,model
FNDA:3,(anonymous_35)
FNDA:3,actions
FNDA:3,(anonymous_37)
FNDA:7,view
FNDA:7,(anonymous_39)
FNDA:2,slots
FNDA:2,(anonymous_41)
FNDA:8,use
FNDA:0,(anonymous_43)
FNDA:0,(anonymous_44)
DA:4,3
DA:5,3
DA:6,12
DA:7,7
DA:8,4
DA:9,6
DA:10,62
DA:11,19
DA:12,42
DA:16,3
DA:17,42
DA:18,42
DA:20,27
DA:21,0
DA:23,27
DA:24,27
DA:27,0
DA:30,0
DA:33,0
DA:34,0
DA:36,0
DA:43,42
DA:48,0
DA:49,1
DA:50,3
DA:54,42
DA:55,24
DA:56,24
DA:57,0
DA:59,24
DA:61,3
DA:62,42
DA:63,31
DA:65,11
DA:66,11
DA:68,15
DA:70,4
DA:72,3
DA:73,42
DA:74,42
DA:75,42
DA:76,42
DA:84,42
DA:85,42
DA:86,42
DA:91,42
DA:92,42
DA:98,46
DA:108,3
DA:109,31
DA:110,31
DA:112,4
DA:113,31
DA:118,15
DA:123,3
DA:124,12
DA:125,12
DA:132,3
DA:134,4
DA:136,3
DA:143,3
DA:144,3
DA:146,0
DA:147,0
DA:149,0
DA:153,3
DA:154,3
DA:156,0
DA:157,0
DA:159,0
DA:163,7
DA:164,7
DA:165,0
DA:167,7
DA:169,0
DA:170,0
DA:172,0
DA:176,2
DA:177,2
DA:179,0
DA:180,0
DA:182,0
DA:185,8
DA:186,4
DA:187,4
DA:189,0
DA:190,0
DA:195,0
DA:197,4
DA:198,4
DA:199,4
DA:204,0
DA:206,0
LF:93
LH:67
BRDA:6,0,0,12
BRDA:6,0,1,5
BRDA:6,0,2,5
BRDA:7,1,0,7
BRDA:7,1,1,0
BRDA:7,1,2,0
BRDA:7,1,3,0
BRDA:8,2,0,4
BRDA:8,2,1,4
BRDA:8,2,2,4
BRDA:8,2,3,4
BRDA:9,3,0,6
BRDA:9,3,1,3
BRDA:9,3,2,3
BRDA:9,3,3,3
BRDA:11,4,0,19
BRDA:11,4,1,5
BRDA:12,5,0,42
BRDA:12,5,1,28
BRDA:14,6,0,5
BRDA:14,6,1,14
BRDA:20,7,0,0
BRDA:20,7,1,27
BRDA:24,8,0,21
BRDA:24,8,1,6
BRDA:27,9,0,0
BRDA:27,9,1,0
BRDA:33,10,0,0
BRDA:33,10,1,0
BRDA:33,11,0,0
BRDA:33,11,1,0
BRDA:45,12,0,14
BRDA:45,12,1,5
BRDA:45,13,0,19
BRDA:45,13,1,14
BRDA:45,13,2,14
BRDA:54,14,0,42
BRDA:54,14,1,33
BRDA:56,15,0,0
BRDA:56,15,1,24
BRDA:56,16,0,24
BRDA:56,16,1,9
BRDA:56,16,2,4
BRDA:62,17,0,31
BRDA:62,17,1,11
BRDA:62,18,0,42
BRDA:62,18,1,11
BRDA:66,19,0,11
BRDA:66,19,1,11
BRDA:66,19,2,11
BRDA:72,20,0,42
BRDA:72,21,0,42
BRDA:72,21,1,0
BRDA:86,22,0,0
BRDA:86,22,1,42
BRDA:88,23,0,11
BRDA:88,23,1,31
BRDA:90,24,0,31
BRDA:90,24,1,31
BRDA:98,25,0,46
BRDA:98,26,0,24
BRDA:98,26,1,22
BRDA:109,27,0,31
BRDA:109,27,1,0
BRDA:112,28,0,4
BRDA:112,28,1,0
BRDA:115,29,0,31
BRDA:115,29,1,0
BRDA:124,30,0,5
BRDA:124,30,1,7
BRDA:127,31,0,7
BRDA:127,31,1,5
BRDA:143,32,0,3
BRDA:143,32,1,0
BRDA:146,33,0,0
BRDA:146,33,1,0
BRDA:153,34,0,3
BRDA:153,34,1,0
BRDA:156,35,0,0
BRDA:156,35,1,0
BRDA:163,36,0,7
BRDA:163,36,1,0
BRDA:164,37,0,0
BRDA:164,37,1,7
BRDA:169,38,0,0
BRDA:169,38,1,0
BRDA:176,39,0,2
BRDA:176,39,1,0
BRDA:179,40,0,0
BRDA:179,40,1,0
BRDA:185,41,0,4
BRDA:185,41,1,4
BRDA:186,42,0,4
BRDA:186,42,1,0
BRDA:186,43,0,4
BRDA:186,43,1,4
BRDA:189,44,0,0
BRDA:189,44,1,0
BRDA:197,45,0,4
BRDA:197,45,1,0
BRDA:198,46,0,4
BRDA:198,46,1,0
BRF:102
BRH:68
end_of_record
TN:
SF:src/diagnostics.js
FN:17,(anonymous_0)
FN:19,(anonymous_1)
FN:21,(anonymous_2)
FN:21,(anonymous_3)
FNF:4
FNH:1
FNDA:1,(anonymous_0)
FNDA:0,(anonymous_1)
FNDA:0,(anonymous_2)
FNDA:0,(anonymous_3)
DA:3,3
DA:5,3
DA:7,3
DA:9,3
DA:11,3
DA:13,3
DA:15,3
DA:17,3
DA:19,3
DA:21,3
LF:10
LH:10
BRF:0
BRH:0
end_of_record
TN:
SF:src/html.js
FN:5,(anonymous_0)
FN:6,(anonymous_1)
FN:7,(anonymous_2)
FN:8,(anonymous_3)
FN:23,(anonymous_4)
FN:31,(anonymous_5)
FN:33,(anonymous_6)
FN:35,(anonymous_7)
FN:40,(anonymous_8)
FN:46,(anonymous_9)
FN:48,(anonymous_10)
FN:86,(anonymous_11)
FN:93,(anonymous_12)
FN:105,(anonymous_13)
FN:110,(anonymous_14)
FN:115,(anonymous_15)
FN:123,(anonymous_16)
FNF:17
FNH:17
FNDA:143,(anonymous_0)
FNDA:138,(anonymous_1)
FNDA:10,(anonymous_2)
FNDA:182,(anonymous_3)
FNDA:30,(anonymous_4)
FNDA:48,(anonymous_5)
FNDA:4,(anonymous_6)
FNDA:94,(anonymous_7)
FNDA:12,(anonymous_8)
FNDA:2,(anonymous_9)
FNDA:95,(anonymous_10)
FNDA:10,(anonymous_11)
FNDA:20,(anonymous_12)
FNDA:21,(anonymous_13)
FNDA:22,(anonymous_14)
FNDA:30,(anonymous_15)
FNDA:13,(anonymous_16)
DA:5,143
DA:6,138
DA:7,10
DA:8,3
DA:9,182
DA:10,39
DA:12,143
DA:13,0
DA:15,143
DA:16,5
DA:18,138
DA:19,133
DA:21,5
DA:23,3
DA:24,30
DA:25,30
DA:26,0
DA:28,30
DA:31,48
DA:33,4
DA:35,94
DA:40,12
DA:46,3
DA:48,3
DA:49,95
DA:55,95
DA:56,147
DA:58,12
DA:59,1
DA:62,11
DA:64,12
DA:67,94
DA:68,94
DA:71,21
DA:72,21
DA:73,21
DA:76,20
DA:77,20
DA:81,95
DA:84,3
DA:86,3
DA:87,10
DA:93,10
DA:94,20
DA:95,20
DA:97,10
DA:105,21
DA:110,22
DA:115,3
DA:116,30
DA:117,30
DA:123,13
LF:52
LH:50
BRDA:5,0,0,143
BRDA:5,0,1,138
BRDA:5,0,2,138
BRDA:5,0,3,138
BRDA:6,1,0,138
BRDA:6,1,1,133
BRDA:6,1,2,133
BRDA:6,1,3,133
BRDA:7,2,0,10
BRDA:7,2,1,0
BRDA:7,2,2,0
BRDA:7,2,3,0
BRDA:9,3,0,39
BRDA:9,3,1,143
BRDA:12,4,0,0
BRDA:12,4,1,143
BRDA:15,5,0,5
BRDA:15,5,1,138
BRDA:18,6,0,133
BRDA:18,6,1,5
BRDA:25,7,0,0
BRDA:25,7,1,30
BRDA:28,8,0,30
BRDA:28,8,1,0
BRDA:56,9,0,12
BRDA:56,9,1,94
BRDA:56,9,2,21
BRDA:56,9,3,20
BRDA:58,10,0,1
BRDA:58,10,1,11
BRDA:58,11,0,12
BRDA:58,11,1,2
BRDA:87,12,0,0
BRDA:87,12,1,10
BRDA:95,13,0,20
BRDA:95,13,1,0
BRDA:97,14,0,10
BRDA:97,14,1,0
BRF:38
BRH:29
end_of_record
TN:
SF:src/hydration.js
FN:3,(anonymous_0)
FN:6,(anonymous_1)
FN:7,(anonymous_2)
FN:8,(anonymous_3)
FN:9,(anonymous_4)
FN:12,(anonymous_5)
FN:14,(anonymous_6)
FN:16,(anonymous_7)
FN:18,(anonymous_8)
FN:20,(anonymous_9)
FN:34,(anonymous_10)
FN:36,(anonymous_11)
FN:44,(anonymous_12)
FNF:13
FNH:8
FNDA:22,(anonymous_0)
FNDA:17,(anonymous_1)
FNDA:5,(anonymous_2)
FNDA:0,(anonymous_3)
FNDA:0,(anonymous_4)
FNDA:1,(anonymous_5)
FNDA:1,(anonymous_6)
FNDA:0,(anonymous_7)
FNDA:0,(anonymous_8)
FNDA:21,(anonymous_9)
FNDA:0,(anonymous_10)
FNDA:4,(anonymous_11)
FNDA:10,(anonymous_12)
DA:3,22
DA:5,3
DA:6,17
DA:7,5
DA:8,0
DA:9,0
DA:12,3
DA:14,3
DA:16,3
DA:18,3
DA:20,21
DA:24,3
DA:26,3
DA:28,3
DA:30,3
DA:32,3
DA:34,3
DA:36,3
DA:37,4
DA:38,4
DA:44,3
DA:45,10
DA:46,10
LF:23
LH:21
BRF:0
BRH:0
end_of_record
TN:
SF:src/index.js
FNF:0
FNH:0
LF:0
LH:0
BRF:0
BRH:0
end_of_record
TN:
SF:src/mount.js
FN:10,(anonymous_0)
FN:26,(anonymous_1)
FN:47,(anonymous_2)
FN:60,(anonymous_3)
FN:67,(anonymous_4)
FN:70,(anonymous_5)
FN:86,(anonymous_6)
FN:93,(anonymous_7)
FNF:8
FNH:8
FNDA:7,(anonymous_0)
FNDA:5,(anonymous_1)
FNDA:4,(anonymous_2)
FNDA:11,(anonymous_3)
FNDA:5,(anonymous_4)
FNDA:4,(anonymous_5)
FNDA:13,(anonymous_6)
FNDA:7,(anonymous_7)
DA:10,3
DA:11,7
DA:12,7
DA:13,0
DA:15,7
DA:16,7
DA:17,0
DA:19,7
DA:20,7
DA:21,0
DA:23,7
DA:24,7
DA:25,7
DA:26,7
DA:36,7
DA:46,7
DA:47,7
DA:48,4
DA:49,4
DA:50,0
DA:52,4
DA:53,4
DA:58,4
DA:60,7
DA:61,11
DA:62,11
DA:63,1
DA:65,11
DA:67,7
DA:71,4
DA:72,4
DA:73,4
DA:74,4
DA:78,7
DA:79,7
DA:87,13
DA:93,7
LF:37
LH:33
BRDA:12,0,0,0
BRDA:12,0,1,7
BRDA:15,1,0,7
BRDA:15,1,1,7
BRDA:16,2,0,0
BRDA:16,2,1,7
BRDA:20,3,0,0
BRDA:20,3,1,7
BRDA:23,4,0,7
BRDA:23,4,1,5
BRDA:23,4,2,0
BRDA:40,5,0,7
BRDA:40,5,1,3
BRDA:42,6,0,7
BRDA:42,6,1,6
BRDA:49,7,0,0
BRDA:49,7,1,4
BRDA:53,8,0,3
BRDA:53,8,1,1
BRDA:55,9,0,1
BRDA:55,9,1,0
BRDA:58,10,0,1
BRDA:58,10,1,3
BRDA:62,11,0,1
BRDA:62,11,1,10
BRDA:69,12,0,4
BRDA:69,12,1,0
BRF:27
BRH:20
end_of_record
TN:
SF:src/resumability.js
FN:23,(anonymous_0)
FNF:1
FNH:1
FNDA:1,(anonymous_0)
DA:3,3
DA:5,3
DA:7,3
DA:9,3
DA:11,3
DA:13,3
DA:15,3
DA:17,3
DA:19,3
DA:21,3
DA:23,3
DA:24,1
DA:25,1
LF:13
LH:13
BRF:0
BRH:0
end_of_record
TN:
SF:src/slot.js
FN:2,(anonymous_0)
FN:7,(anonymous_1)
FNF:2
FNH:2
FNDA:2,(anonymous_0)
FNDA:3,(anonymous_1)
DA:2,3
DA:7,3
LF:2
LH:2
BRF:0
BRH:0
end_of_record
TN:
SF:src/view.js
FN:5,(anonymous_0)
FN:10,(anonymous_1)
FN:12,(anonymous_2)
FN:14,(anonymous_3)
FN:20,(anonymous_4)
FN:22,(anonymous_5)
FN:24,(anonymous_6)
FN:26,(anonymous_7)
FN:28,(anonymous_8)
FN:30,(anonymous_9)
FN:32,(anonymous_10)
FN:33,(anonymous_11)
FNF:12
FNH:11
FNDA:32,(anonymous_0)
FNDA:10,(anonymous_1)
FNDA:6,(anonymous_2)
FNDA:0,(anonymous_3)
FNDA:20,(anonymous_4)
FNDA:6,(anonymous_5)
FNDA:9,(anonymous_6)
FNDA:10,(anonymous_7)
FNDA:6,(anonymous_8)
FNDA:5,(anonymous_9)
FNDA:5,(anonymous_10)
FNDA:6,(anonymous_11)
DA:5,32
DA:10,10
DA:13,6
DA:14,0
DA:16,6
DA:20,20
DA:22,6
DA:24,9
DA:26,10
DA:28,6
DA:30,5
DA:32,5
DA:33,3
DA:34,6
DA:35,0
DA:37,6
DA:38,0
DA:43,6
DA:44,0
DA:46,6
DA:47,0
DA:49,6
LF:22
LH:17
BRDA:13,0,0,0
BRDA:13,0,1,6
BRDA:26,1,0,6
BRDA:26,1,1,4
BRDA:34,2,0,0
BRDA:34,2,1,6
BRDA:34,3,0,6
BRDA:34,3,1,6
BRDA:34,3,2,6
BRDA:37,4,0,0
BRDA:37,4,1,6
BRDA:43,5,0,0
BRDA:43,5,1,6
BRDA:46,6,0,0
BRDA:46,6,1,6
BRDA:46,7,0,6
BRDA:46,7,1,6
BRDA:46,7,2,6
BRF:18
BRH:13
end_of_record
TN:
SF:src/web.js
FN:3,(anonymous_0)
FN:9,(anonymous_1)
FN:9,(anonymous_2)
FN:10,(anonymous_3)
FN:15,(anonymous_4)
FN:24,(anonymous_5)
FN:24,(anonymous_6)
FN:24,(anonymous_7)
FN:43,(anonymous_8)
FN:45,(anonymous_9)
FN:45,(anonymous_10)
FN:45,(anonymous_11)
FN:47,(anonymous_12)
FN:49,(anonymous_13)
FN:51,(anonymous_14)
FN:53,(anonymous_15)
FN:53,(anonymous_16)
FN:55,(anonymous_17)
FN:65,(anonymous_18)
FN:65,(anonymous_19)
FN:65,(anonymous_20)
FNF:21
FNH:14
FNDA:19,(anonymous_0)
FNDA:2,(anonymous_1)
FNDA:0,(anonymous_2)
FNDA:1,(anonymous_3)
FNDA:2,(anonymous_4)
FNDA:19,(anonymous_5)
FNDA:19,(anonymous_6)
FNDA:19,(anonymous_7)
FNDA:13,(anonymous_8)
FNDA:1,(anonymous_9)
FNDA:1,(anonymous_10)
FNDA:2,(anonymous_11)
FNDA:1,(anonymous_12)
FNDA:1,(anonymous_13)
FNDA:1,(anonymous_14)
FNDA:0,(anonymous_15)
FNDA:0,(anonymous_16)
FNDA:0,(anonymous_17)
FNDA:0,(anonymous_18)
FNDA:0,(anonymous_19)
FNDA:0,(anonymous_20)
DA:3,3
DA:4,19
DA:5,0
DA:7,19
DA:9,3
DA:10,3
DA:11,1
DA:12,0
DA:14,1
DA:16,2
DA:17,0
DA:19,2
DA:24,19
DA:25,19
DA:26,19
DA:27,0
DA:29,19
DA:34,19
DA:43,13
DA:45,3
DA:47,3
DA:49,3
DA:51,3
DA:53,3
DA:54,0
DA:55,0
DA:65,3
LF:27
LH:21
BRDA:4,0,0,0
BRDA:4,0,1,19
BRDA:4,1,0,19
BRDA:4,1,1,19
BRDA:4,1,2,19
BRDA:11,2,0,0
BRDA:11,2,1,1
BRDA:16,3,0,0
BRDA:16,3,1,2
BRDA:16,4,0,2
BRDA:16,4,1,2
BRDA:26,5,0,0
BRDA:26,5,1,19
BRDA:29,6,0,0
BRDA:29,6,1,19
BRDA:29,7,0,19
BRDA:29,7,1,13
BRDA:31,8,0,0
BRDA:31,8,1,19
BRDA:31,9,0,19
BRDA:31,9,1,1
BRDA:72,10,0,0
BRDA:72,10,1,0
BRF:23
BRH:15
end_of_record
TN:
SF:src/internal/api.js
FN:2,(anonymous_0)
FNF:1
FNH:1
FNDA:22,(anonymous_0)
DA:2,22
LF:1
LH:1
BRF:0
BRH:0
end_of_record
TN:
SF:src/internal/pipeable.js
FN:2,(anonymous_0)
FNF:1
FNH:1
FNDA:174,(anonymous_0)
DA:2,174
LF:1
LH:1
BRF:0
BRH:0
end_of_record
TN:
SF:src/internal/view-node.js
FN:2,(anonymous_0)
FN:3,(anonymous_1)
FNF:2
FNH:2
FNDA:112,(anonymous_0)
FNDA:19,(anonymous_1)
DA:2,112
DA:3,19
LF:2
LH:2
BRDA:3,0,0,19
BRDA:3,0,1,0
BRF:2
BRH:1
end_of_record
